▲ Next.js 16.2.4 (Turbopack)

  Creating an optimized production build ...
✓ Compiled successfully in 12.5s
  Skipping validation of types
  Finished TypeScript config validation in 25ms ...
  Collecting page data using 3 workers ...
  Generating static pages using 3 workers (0/11) ...
  Generating static pages using 3 workers (2/11) 
  Generating static pages using 3 workers (5/11) 
  Generating static pages using 3 workers (8/11) 
✓ Generating static pages using 3 workers (11/11) in 601ms
  Finalizing page optimization ...

Route (app)
┌ ○ /
├ ○ /_not-found
├ ○ /audit
├ ○ /dashboard
├ ○ /inventory
├ ○ /login
├ ○ /requests
├ ○ /requests/new
├ ○ /settings/departments
└ ○ /settings/users


○  (Static)  prerendered as static content

